2025-05-26T09:18:44.395Z === Démarrage du débogage de transaction ===
2025-05-26T09:18:44.395Z Connexion au RPC: http://127.0.0.1:8545/
2025-05-26T09:18:44.395Z Connexion au contrat: 0x5fbdb2315678afecb367f032d93f642f64180aa3
2025-05-26T09:18:44.444Z État actuel du contrat:
2025-05-26T09:18:44.444Z - Énigme: What has keys but no locks, space but no room, and you can enter but not go in?
2025-05-26T09:18:44.445Z - Active: true
2025-05-26T09:18:44.445Z - Gagnant: 0x0000000000000000000000000000000000000000
2025-05-26T09:18:44.445Z 
Réponse à tester: "simple"
2025-05-26T09:18:44.446Z Hash keccak256: 0x4a1b974e31e005ad301f0f7ef6ff3d756c261fe66213c0faa95f27c2befaed31
2025-05-26T09:18:44.446Z 
Clé privée trouvée dans les variables d'environnement.
2025-05-26T09:18:44.446Z Pour exécuter une transaction réelle, décommentez le code dans le script.
2025-05-26T09:18:44.465Z Utilisation du portefeuille: 0xf39Fd6e51aad88F6F4ce6aB8827279cffFb92266
2025-05-26T09:18:44.465Z 
Configuration des écouteurs d'événements...
2025-05-26T09:18:44.465Z 
Soumission de la réponse au contrat...
2025-05-26T09:18:44.549Z Transaction envoyée: 0x52719370660f37d64abed15859451e56a8f8933e9817c46de02d5bc15c7e66d7
2025-05-26T09:18:44.550Z Attente de la confirmation de la transaction...
2025-05-26T09:18:48.532Z Transaction réussie!
2025-05-26T09:18:48.537Z Nombre d'événements: 1
2025-05-26T09:18:48.538Z Événement 1: AnswerAttempt
2025-05-26T09:18:48.539Z Arguments: ["0xf39Fd6e51aad88F6F4ce6aB8827279cffFb92266",false]
2025-05-26T09:18:48.544Z Nouveau gagnant: 0x0000000000000000000000000000000000000000
2025-05-26T09:18:48.544Z Sommes-nous le gagnant? false
2025-05-26T09:18:48.544Z 
=== Fin du débogage de transaction ===
