2025-05-26T09:32:18.799Z === Démarrage du débogage de transaction ===
2025-05-26T09:32:18.800Z Connexion au RPC: http://127.0.0.1:8545/
2025-05-26T09:32:18.800Z Connexion au contrat: 0x5fbdb2315678afecb367f032d93f642f64180aa3
2025-05-26T09:32:18.849Z État actuel du contrat:
2025-05-26T09:32:18.849Z - Énigme: What has keys but no locks, space but no room, and you can enter but not go in?
2025-05-26T09:32:18.849Z - Active: true
2025-05-26T09:32:18.850Z - Gagnant: 0x0000000000000000000000000000000000000000
2025-05-26T09:32:18.850Z 
Réponse à tester: "keyboard"
2025-05-26T09:32:18.850Z Hash keccak256: 0xe8d6f33c864d8c15cf8e3284db164ba343453a48937e23d2f191bd2297a9543f
2025-05-26T09:32:18.850Z 
Clé privée trouvée dans les variables d'environnement.
2025-05-26T09:32:18.851Z Pour exécuter une transaction réelle, décommentez le code dans le script.
2025-05-26T09:32:18.869Z Utilisation du portefeuille: 0xf39Fd6e51aad88F6F4ce6aB8827279cffFb92266
2025-05-26T09:32:18.869Z 
Configuration des écouteurs d'événements...
2025-05-26T09:32:18.870Z 
Soumission de la réponse au contrat...
2025-05-26T09:32:18.958Z Transaction envoyée: 0xd6e93815ad3db6ab0f726514c17471be9712b518f8ba8235fe216cae13b9d201
2025-05-26T09:32:18.958Z Attente de la confirmation de la transaction...
2025-05-26T09:32:22.943Z Transaction réussie!
2025-05-26T09:32:22.948Z Nombre d'événements: 2
2025-05-26T09:32:22.950Z Événement 1: Winner
2025-05-26T09:32:22.951Z Arguments: ["0xf39Fd6e51aad88F6F4ce6aB8827279cffFb92266"]
2025-05-26T09:32:22.952Z Événement 2: AnswerAttempt
2025-05-26T09:32:22.952Z Arguments: ["0xf39Fd6e51aad88F6F4ce6aB8827279cffFb92266",true]
2025-05-26T09:32:22.957Z 
Événement Winner détecté! Gagnant: 0xf39Fd6e51aad88F6F4ce6aB8827279cffFb92266
2025-05-26T09:32:22.958Z Arguments complets: ["0xf39Fd6e51aad88F6F4ce6aB8827279cffFb92266",{"filter":"Winner","emitter":{"target":"0x5fbdb2315678afecb367f032d93f642f64180aa3","interface":{"fragments":[{"type":"function","inputs":[],"name":"riddle","constant":true,"outputs":[{"name":"","type":"string","baseType":"string","indexed":null,"components":null,"arrayLength":null,"arrayChildren":null}],"stateMutability":"view","payable":false,"gas":null},{"type":"function","inputs":[],"name":"isActive","constant":true,"outputs":[{"name":"","type":"bool","baseType":"bool","indexed":null,"components":null,"arrayLength":null,"arrayChildren":null}],"stateMutability":"view","payable":false,"gas":null},{"type":"function","inputs":[],"name":"winner","constant":true,"outputs":[{"name":"","type":"address","baseType":"address","indexed":null,"components":null,"arrayLength":null,"arrayChildren":null}],"stateMutability":"view","payable":false,"gas":null},{"type":"function","inputs":[{"name":"answer","type":"string","baseType":"string","indexed":null,"components":null,"arrayLength":null,"arrayChildren":null}],"name":"submitAnswer","constant":false,"outputs":[],"stateMutability":"nonpayable","payable":false,"gas":null},{"type":"event","inputs":[{"name":"winner","type":"address","baseType":"address","indexed":true,"components":null,"arrayLength":null,"arrayChildren":null}],"name":"Winner","anonymous":false},{"type":"event","inputs":[{"name":"user","type":"address","baseType":"address","indexed":true,"components":null,"arrayLength":null,"arrayChildren":null},{"name":"correct","type":"bool","baseType":"bool","indexed":null,"components":null,"arrayLength":null,"arrayChildren":null}],"name":"AnswerAttempt","anonymous":false}],"deploy":{"type":"constructor","inputs":[],"payable":false,"gas":null},"fallback":null,"receive":false},"runner":{},"filters":{},"fallback":null},"log":{"_type":"log","address":"0x5FbDB2315678afecb367f032d93F642f64180aa3","blockHash":"0xee511686cd772c966372541f3448f6efbfc23d245872a76364c3e1d9a1490e1d","blockNumber":13,"data":"0x","index":0,"removed":false,"topics":["0x745c90b656b4aafe296c8ca35aeacfe56cb96c90e1d320e5da643fff1051b6c0","0x000000000000000000000000f39fd6e51aad88f6f4ce6ab8827279cfffb92266"],"transactionHash":"0xd6e93815ad3db6ab0f726514c17471be9712b518f8ba8235fe216cae13b9d201","transactionIndex":0},"args":["0xf39Fd6e51aad88F6F4ce6aB8827279cffFb92266"],"fragment":{"type":"event","inputs":[{"name":"winner","type":"address","baseType":"address","indexed":true,"components":null,"arrayLength":null,"arrayChildren":null}],"name":"Winner","anonymous":false}}]
2025-05-26T09:32:22.959Z Nouveau gagnant: 0xf39Fd6e51aad88F6F4ce6aB8827279cffFb92266
2025-05-26T09:32:22.959Z Sommes-nous le gagnant? true
2025-05-26T09:32:22.959Z 
=== Fin du débogage de transaction ===
2025-05-26T09:34:51.609Z 
Événement Winner détecté! Gagnant: 0xf39Fd6e51aad88F6F4ce6aB8827279cffFb92266
2025-05-26T09:34:51.610Z Arguments complets: ["0xf39Fd6e51aad88F6F4ce6aB8827279cffFb92266",{"filter":"Winner","emitter":{"target":"0x5fbdb2315678afecb367f032d93f642f64180aa3","interface":{"fragments":[{"type":"function","inputs":[],"name":"riddle","constant":true,"outputs":[{"name":"","type":"string","baseType":"string","indexed":null,"components":null,"arrayLength":null,"arrayChildren":null}],"stateMutability":"view","payable":false,"gas":null},{"type":"function","inputs":[],"name":"isActive","constant":true,"outputs":[{"name":"","type":"bool","baseType":"bool","indexed":null,"components":null,"arrayLength":null,"arrayChildren":null}],"stateMutability":"view","payable":false,"gas":null},{"type":"function","inputs":[],"name":"winner","constant":true,"outputs":[{"name":"","type":"address","baseType":"address","indexed":null,"components":null,"arrayLength":null,"arrayChildren":null}],"stateMutability":"view","payable":false,"gas":null},{"type":"function","inputs":[{"name":"answer","type":"string","baseType":"string","indexed":null,"components":null,"arrayLength":null,"arrayChildren":null}],"name":"submitAnswer","constant":false,"outputs":[],"stateMutability":"nonpayable","payable":false,"gas":null},{"type":"event","inputs":[{"name":"winner","type":"address","baseType":"address","indexed":true,"components":null,"arrayLength":null,"arrayChildren":null}],"name":"Winner","anonymous":false},{"type":"event","inputs":[{"name":"user","type":"address","baseType":"address","indexed":true,"components":null,"arrayLength":null,"arrayChildren":null},{"name":"correct","type":"bool","baseType":"bool","indexed":null,"components":null,"arrayLength":null,"arrayChildren":null}],"name":"AnswerAttempt","anonymous":false}],"deploy":{"type":"constructor","inputs":[],"payable":false,"gas":null},"fallback":null,"receive":false},"runner":{},"filters":{},"fallback":null},"log":{"_type":"log","address":"0x5FbDB2315678afecb367f032d93F642f64180aa3","blockHash":"0xc518be028e3d70b6e0e4eba56aacc00e077d4508bb6d19e29041cfa3654f64c7","blockNumber":15,"data":"0x","index":0,"removed":false,"topics":["0x745c90b656b4aafe296c8ca35aeacfe56cb96c90e1d320e5da643fff1051b6c0","0x000000000000000000000000f39fd6e51aad88f6f4ce6ab8827279cfffb92266"],"transactionHash":"0xe8e4703ea57afaf82dae78352144c38b3e2871bf3d1d7c33db0f36851d09aa36","transactionIndex":0},"args":["0xf39Fd6e51aad88F6F4ce6aB8827279cffFb92266"],"fragment":{"type":"event","inputs":[{"name":"winner","type":"address","baseType":"address","indexed":true,"components":null,"arrayLength":null,"arrayChildren":null}],"name":"Winner","anonymous":false}}]
2025-05-26T09:36:07.967Z 
Événement Winner détecté! Gagnant: 0xf39Fd6e51aad88F6F4ce6aB8827279cffFb92266
2025-05-26T09:36:07.970Z Arguments complets: ["0xf39Fd6e51aad88F6F4ce6aB8827279cffFb92266",{"filter":"Winner","emitter":{"target":"0x5fbdb2315678afecb367f032d93f642f64180aa3","interface":{"fragments":[{"type":"function","inputs":[],"name":"riddle","constant":true,"outputs":[{"name":"","type":"string","baseType":"string","indexed":null,"components":null,"arrayLength":null,"arrayChildren":null}],"stateMutability":"view","payable":false,"gas":null},{"type":"function","inputs":[],"name":"isActive","constant":true,"outputs":[{"name":"","type":"bool","baseType":"bool","indexed":null,"components":null,"arrayLength":null,"arrayChildren":null}],"stateMutability":"view","payable":false,"gas":null},{"type":"function","inputs":[],"name":"winner","constant":true,"outputs":[{"name":"","type":"address","baseType":"address","indexed":null,"components":null,"arrayLength":null,"arrayChildren":null}],"stateMutability":"view","payable":false,"gas":null},{"type":"function","inputs":[{"name":"answer","type":"string","baseType":"string","indexed":null,"components":null,"arrayLength":null,"arrayChildren":null}],"name":"submitAnswer","constant":false,"outputs":[],"stateMutability":"nonpayable","payable":false,"gas":null},{"type":"event","inputs":[{"name":"winner","type":"address","baseType":"address","indexed":true,"components":null,"arrayLength":null,"arrayChildren":null}],"name":"Winner","anonymous":false},{"type":"event","inputs":[{"name":"user","type":"address","baseType":"address","indexed":true,"components":null,"arrayLength":null,"arrayChildren":null},{"name":"correct","type":"bool","baseType":"bool","indexed":null,"components":null,"arrayLength":null,"arrayChildren":null}],"name":"AnswerAttempt","anonymous":false}],"deploy":{"type":"constructor","inputs":[],"payable":false,"gas":null},"fallback":null,"receive":false},"runner":{},"filters":{},"fallback":null},"log":{"_type":"log","address":"0x5FbDB2315678afecb367f032d93F642f64180aa3","blockHash":"0x2abb042185aaf5a3a155feb4fa170cf570bfc71c49d3f7c4cc6c8af4d081e2cc","blockNumber":18,"data":"0x","index":0,"removed":false,"topics":["0x745c90b656b4aafe296c8ca35aeacfe56cb96c90e1d320e5da643fff1051b6c0","0x000000000000000000000000f39fd6e51aad88f6f4ce6ab8827279cfffb92266"],"transactionHash":"0x019f89b69265739591e6b4e5c2caa2509dfd4596d5ebeb7e27cfa0bce3d1b180","transactionIndex":0},"args":["0xf39Fd6e51aad88F6F4ce6aB8827279cffFb92266"],"fragment":{"type":"event","inputs":[{"name":"winner","type":"address","baseType":"address","indexed":true,"components":null,"arrayLength":null,"arrayChildren":null}],"name":"Winner","anonymous":false}}]
