2025-05-26T09:27:46.354Z === Démarrage du débogage de transaction ===
2025-05-26T09:27:46.355Z Connexion au RPC: http://127.0.0.1:8545/
2025-05-26T09:27:46.355Z Connexion au contrat: 0x5fbdb2315678afecb367f032d93f642f64180aa3
2025-05-26T09:27:46.403Z État actuel du contrat:
2025-05-26T09:27:46.403Z - Énigme: What has keys but no locks, space but no room, and you can enter but not go in?
2025-05-26T09:27:46.404Z - Active: true
2025-05-26T09:27:46.404Z - Gagnant: 0x0000000000000000000000000000000000000000
2025-05-26T09:27:46.404Z 
Réponse à tester: "simple"
2025-05-26T09:27:46.404Z Hash keccak256: 0x4a1b974e31e005ad301f0f7ef6ff3d756c261fe66213c0faa95f27c2befaed31
2025-05-26T09:27:46.405Z 
Clé privée trouvée dans les variables d'environnement.
2025-05-26T09:27:46.405Z Pour exécuter une transaction réelle, décommentez le code dans le script.
2025-05-26T09:27:46.423Z Utilisation du portefeuille: 0xf39Fd6e51aad88F6F4ce6aB8827279cffFb92266
2025-05-26T09:27:46.423Z 
Configuration des écouteurs d'événements...
2025-05-26T09:27:46.424Z 
Soumission de la réponse au contrat...
2025-05-26T09:27:46.507Z Transaction envoyée: 0xe725bfa632efbd409757f654a9ec4ddb083e5dacdf3c52277b34627669684983
2025-05-26T09:27:46.507Z Attente de la confirmation de la transaction...
2025-05-26T09:27:50.493Z Transaction réussie!
2025-05-26T09:27:50.496Z Nombre d'événements: 1
2025-05-26T09:27:50.498Z Événement 1: AnswerAttempt
2025-05-26T09:27:50.498Z Arguments: ["0xf39Fd6e51aad88F6F4ce6aB8827279cffFb92266",false]
2025-05-26T09:27:50.504Z Nouveau gagnant: 0x0000000000000000000000000000000000000000
2025-05-26T09:27:50.504Z Sommes-nous le gagnant? false
2025-05-26T09:27:50.504Z 
=== Fin du débogage de transaction ===
