2025-05-26T09:09:00.343Z === Démarrage du débogage de transaction ===
2025-05-26T09:09:00.344Z Connexion au RPC: http://127.0.0.1:8545/
2025-05-26T09:09:00.344Z Connexion au contrat: 0x5fbdb2315678afecb367f032d93f642f64180aa3
2025-05-26T09:09:00.393Z État actuel du contrat:
2025-05-26T09:09:00.393Z - Énigme: 
2025-05-26T09:09:00.394Z - Active: false
2025-05-26T09:09:00.394Z - Gagnant: 0x0000000000000000000000000000000000000000
2025-05-26T09:09:00.394Z 
Réponse à tester: "simple"
2025-05-26T09:09:00.394Z Hash keccak256: 0x4a1b974e31e005ad301f0f7ef6ff3d756c261fe66213c0faa95f27c2befaed31
2025-05-26T09:09:00.394Z 
Aucune clé privée trouvée dans les variables d'environnement. Création d'un portefeuille aléatoire pour la simulation...
2025-05-26T09:09:00.428Z Portefeuille créé: 0xFd2120AC13A8fC64150837BCD7c265fD02f6B891
2025-05-26T09:09:00.428Z 
Configuration des écouteurs d'événements...
2025-05-26T09:09:00.429Z 
Simulation de la transaction submitAnswer...
2025-05-26T09:09:00.429Z Données d'appel: 0xbb3e31590000000000000000000000000000000000000000000000000000000000000020000000000000000000000000000000000000000000000000000000000000000673696d706c650000000000000000000000000000000000000000000000000000
2025-05-26T09:09:00.430Z 
Estimation du gaz pour vérifier si la transaction réussirait...
2025-05-26T09:09:00.445Z Échec de l'estimation de gaz: execution reverted: "No active riddle" (action="estimateGas", data="0x08c379a0000000000000000000000000000000000000000000000000000000000000002000000000000000000000000000000000000000000000000000000000000000104e6f2061637469766520726964646c6500000000000000000000000000000000", reason="No active riddle", transaction={ "data": "0xbb3e31590000000000000000000000000000000000000000000000000000000000000020000000000000000000000000000000000000000000000000000000000000000673696d706c650000000000000000000000000000000000000000000000000000", "from": "0xFd2120AC13A8fC64150837BCD7c265fD02f6B891", "to": "0x5FbDB2315678afecb367f032d93F642f64180aa3" }, invocation=null, revert={ "args": [ "No active riddle" ], "name": "Error", "signature": "Error(string)" }, code=CALL_EXCEPTION, version=6.14.1)
2025-05-26T09:09:00.446Z La transaction échouerait, la réponse est probablement incorrecte.
2025-05-26T09:09:00.446Z 
=== Fin du débogage de transaction ===
