2025-05-26T09:30:30.384Z === Démarrage du débogage de transaction ===
2025-05-26T09:30:30.384Z Connexion au RPC: http://127.0.0.1:8545/
2025-05-26T09:30:30.385Z Connexion au contrat: 0x5fbdb2315678afecb367f032d93f642f64180aa3
2025-05-26T09:30:30.433Z État actuel du contrat:
2025-05-26T09:30:30.433Z - Énigme: What has keys but no locks, space but no room, and you can enter but not go in?
2025-05-26T09:30:30.433Z - Active: true
2025-05-26T09:30:30.433Z - Gagnant: 0x0000000000000000000000000000000000000000
2025-05-26T09:30:30.434Z 
Réponse à tester: "simple"
2025-05-26T09:30:30.434Z Hash keccak256: 0x4a1b974e31e005ad301f0f7ef6ff3d756c261fe66213c0faa95f27c2befaed31
2025-05-26T09:30:30.434Z 
Clé privée trouvée dans les variables d'environnement.
2025-05-26T09:30:30.434Z Pour exécuter une transaction réelle, décommentez le code dans le script.
2025-05-26T09:30:30.453Z Utilisation du portefeuille: 0xf39Fd6e51aad88F6F4ce6aB8827279cffFb92266
2025-05-26T09:30:30.454Z 
Configuration des écouteurs d'événements...
2025-05-26T09:30:30.454Z 
Soumission de la réponse au contrat...
2025-05-26T09:30:30.541Z Transaction envoyée: 0x7aed0d355292fbbfbd47354d95e0e61b8681a55b35e27263dabf6633dfc9de32
2025-05-26T09:30:30.541Z Attente de la confirmation de la transaction...
2025-05-26T09:30:34.526Z Transaction réussie!
2025-05-26T09:30:34.531Z Nombre d'événements: 1
2025-05-26T09:30:34.532Z Événement 1: AnswerAttempt
2025-05-26T09:30:34.533Z Arguments: ["0xf39Fd6e51aad88F6F4ce6aB8827279cffFb92266",false]
2025-05-26T09:30:34.536Z Nouveau gagnant: 0x0000000000000000000000000000000000000000
2025-05-26T09:30:34.536Z Sommes-nous le gagnant? false
2025-05-26T09:30:34.537Z 
=== Fin du débogage de transaction ===
