2025-05-26T09:28:15.125Z === Démarrage du débogage de transaction ===
2025-05-26T09:28:15.125Z Connexion au RPC: http://127.0.0.1:8545/
2025-05-26T09:28:15.126Z Connexion au contrat: 0x5fbdb2315678afecb367f032d93f642f64180aa3
2025-05-26T09:28:15.173Z État actuel du contrat:
2025-05-26T09:28:15.173Z - Énigme: What has keys but no locks, space but no room, and you can enter but not go in?
2025-05-26T09:28:15.173Z - Active: true
2025-05-26T09:28:15.173Z - Gagnant: 0x0000000000000000000000000000000000000000
2025-05-26T09:28:15.174Z 
Réponse à tester: "simple"
2025-05-26T09:28:15.174Z Hash keccak256: 0x4a1b974e31e005ad301f0f7ef6ff3d756c261fe66213c0faa95f27c2befaed31
2025-05-26T09:28:15.174Z 
Clé privée trouvée dans les variables d'environnement.
2025-05-26T09:28:15.174Z Pour exécuter une transaction réelle, décommentez le code dans le script.
2025-05-26T09:28:15.196Z Utilisation du portefeuille: 0xf39Fd6e51aad88F6F4ce6aB8827279cffFb92266
2025-05-26T09:28:15.197Z 
Configuration des écouteurs d'événements...
2025-05-26T09:28:15.197Z 
Soumission de la réponse au contrat...
2025-05-26T09:28:15.282Z Transaction envoyée: 0x49b8eb39440c2eb0800b4772eb856f8ac0288813be51985a209519f35fc88464
2025-05-26T09:28:15.282Z Attente de la confirmation de la transaction...
2025-05-26T09:28:19.267Z Transaction réussie!
2025-05-26T09:28:19.271Z Nombre d'événements: 1
2025-05-26T09:28:19.274Z Événement 1: AnswerAttempt
2025-05-26T09:28:19.274Z Arguments: ["0xf39Fd6e51aad88F6F4ce6aB8827279cffFb92266",false]
2025-05-26T09:28:19.279Z Nouveau gagnant: 0x0000000000000000000000000000000000000000
2025-05-26T09:28:19.279Z Sommes-nous le gagnant? false
2025-05-26T09:28:19.279Z 
=== Fin du débogage de transaction ===
