2025-05-26T09:39:51.125Z === Démarrage du débogage de transaction ===
2025-05-26T09:39:51.127Z Connexion au RPC: http://127.0.0.1:8545/
2025-05-26T09:39:51.127Z Connexion au contrat: 0x5fbdb2315678afecb367f032d93f642f64180aa3
2025-05-26T09:39:51.175Z État actuel du contrat:
2025-05-26T09:39:51.175Z - Énigme: What has keys but no locks, space but no room, and you can enter but not go in?
2025-05-26T09:39:51.175Z - Active: false
2025-05-26T09:39:51.176Z - Gagnant: 0xf39Fd6e51aad88F6F4ce6aB8827279cffFb92266
2025-05-26T09:39:51.176Z 
Réponse à tester: "keyboard"
2025-05-26T09:39:51.176Z Hash keccak256: 0xe8d6f33c864d8c15cf8e3284db164ba343453a48937e23d2f191bd2297a9543f
2025-05-26T09:39:51.176Z 
Clé privée trouvée dans les variables d'environnement.
2025-05-26T09:39:51.176Z Pour exécuter une transaction réelle, décommentez le code dans le script.
2025-05-26T09:39:51.216Z Utilisation du portefeuille: 0xf39Fd6e51aad88F6F4ce6aB8827279cffFb92266
2025-05-26T09:39:51.216Z 
Configuration des écouteurs d'événements...
2025-05-26T09:39:51.217Z 
Soumission de la réponse au contrat...
2025-05-26T09:39:51.245Z Erreur lors de la transaction: execution reverted: "No active riddle" (action="estimateGas", data="0x08c379a0000000000000000000000000000000000000000000000000000000000000002000000000000000000000000000000000000000000000000000000000000000104e6f2061637469766520726964646c6500000000000000000000000000000000", reason="No active riddle", transaction={ "data": "0xbb3e3159000000000000000000000000000000000000000000000000000000000000002000000000000000000000000000000000000000000000000000000000000000086b6579626f617264000000000000000000000000000000000000000000000000", "from": "0xf39Fd6e51aad88F6F4ce6aB8827279cffFb92266", "to": "0x5FbDB2315678afecb367f032d93F642f64180aa3" }, invocation=null, revert={ "args": [ "No active riddle" ], "name": "Error", "signature": "Error(string)" }, code=CALL_EXCEPTION, version=6.14.1)
2025-05-26T09:39:51.245Z 
=== Fin du débogage de transaction ===
