2025-05-26T09:42:00.958Z === Démarrage du débogage de transaction ===
2025-05-26T09:42:00.958Z Connexion au RPC: http://127.0.0.1:8545/
2025-05-26T09:42:00.959Z Connexion au contrat: 0x5fbdb2315678afecb367f032d93f642f64180aa3
2025-05-26T09:42:01.020Z État actuel du contrat:
2025-05-26T09:42:01.021Z - Énigme: What has keys but no locks, space but no room, and you can enter but not go in?
2025-05-26T09:42:01.021Z - Active: true
2025-05-26T09:42:01.021Z - Gagnant: 0x0000000000000000000000000000000000000000
2025-05-26T09:42:01.022Z 
Réponse à tester: "keyboard"
2025-05-26T09:42:01.022Z Hash keccak256: 0xe8d6f33c864d8c15cf8e3284db164ba343453a48937e23d2f191bd2297a9543f
2025-05-26T09:42:01.022Z 
Clé privée trouvée dans les variables d'environnement.
2025-05-26T09:42:01.022Z Pour exécuter une transaction réelle, décommentez le code dans le script.
2025-05-26T09:42:01.043Z Utilisation du portefeuille: 0xf39Fd6e51aad88F6F4ce6aB8827279cffFb92266
2025-05-26T09:42:01.043Z 
Configuration des écouteurs d'événements...
2025-05-26T09:42:01.044Z 
Soumission de la réponse au contrat...
2025-05-26T09:42:01.130Z Transaction envoyée: 0x74ac7b8c3275cfbf15f5b05508a061a3fa48f9a5b2fe8b7006aec48c6881d5d5
2025-05-26T09:42:01.130Z Attente de la confirmation de la transaction...
2025-05-26T09:42:05.111Z Transaction réussie!
2025-05-26T09:42:05.115Z Nombre d'événements: 2
2025-05-26T09:42:05.117Z Événement 1: Winner
2025-05-26T09:42:05.117Z Arguments: ["0xf39Fd6e51aad88F6F4ce6aB8827279cffFb92266"]
2025-05-26T09:42:05.118Z Événement 2: AnswerAttempt
2025-05-26T09:42:05.119Z Arguments: ["0xf39Fd6e51aad88F6F4ce6aB8827279cffFb92266",true]
2025-05-26T09:42:05.123Z 
Événement Winner détecté! Gagnant: 0xf39Fd6e51aad88F6F4ce6aB8827279cffFb92266
2025-05-26T09:42:05.125Z Arguments complets: ["0xf39Fd6e51aad88F6F4ce6aB8827279cffFb92266",{"filter":"Winner","emitter":{"target":"0x5fbdb2315678afecb367f032d93f642f64180aa3","interface":{"fragments":[{"type":"function","inputs":[],"name":"riddle","constant":true,"outputs":[{"name":"","type":"string","baseType":"string","indexed":null,"components":null,"arrayLength":null,"arrayChildren":null}],"stateMutability":"view","payable":false,"gas":null},{"type":"function","inputs":[],"name":"isActive","constant":true,"outputs":[{"name":"","type":"bool","baseType":"bool","indexed":null,"components":null,"arrayLength":null,"arrayChildren":null}],"stateMutability":"view","payable":false,"gas":null},{"type":"function","inputs":[],"name":"winner","constant":true,"outputs":[{"name":"","type":"address","baseType":"address","indexed":null,"components":null,"arrayLength":null,"arrayChildren":null}],"stateMutability":"view","payable":false,"gas":null},{"type":"function","inputs":[{"name":"answer","type":"string","baseType":"string","indexed":null,"components":null,"arrayLength":null,"arrayChildren":null}],"name":"submitAnswer","constant":false,"outputs":[],"stateMutability":"nonpayable","payable":false,"gas":null},{"type":"event","inputs":[{"name":"winner","type":"address","baseType":"address","indexed":true,"components":null,"arrayLength":null,"arrayChildren":null}],"name":"Winner","anonymous":false},{"type":"event","inputs":[{"name":"user","type":"address","baseType":"address","indexed":true,"components":null,"arrayLength":null,"arrayChildren":null},{"name":"correct","type":"bool","baseType":"bool","indexed":null,"components":null,"arrayLength":null,"arrayChildren":null}],"name":"AnswerAttempt","anonymous":false}],"deploy":{"type":"constructor","inputs":[],"payable":false,"gas":null},"fallback":null,"receive":false},"runner":{},"filters":{},"fallback":null},"log":{"_type":"log","address":"0x5FbDB2315678afecb367f032d93F642f64180aa3","blockHash":"0x62f72e1a6aef0ddb83ca5e1173e0f7a345ac3957ee1f808d0d47ca390ef084c0","blockNumber":23,"data":"0x","index":0,"removed":false,"topics":["0x745c90b656b4aafe296c8ca35aeacfe56cb96c90e1d320e5da643fff1051b6c0","0x000000000000000000000000f39fd6e51aad88f6f4ce6ab8827279cfffb92266"],"transactionHash":"0x74ac7b8c3275cfbf15f5b05508a061a3fa48f9a5b2fe8b7006aec48c6881d5d5","transactionIndex":0},"args":["0xf39Fd6e51aad88F6F4ce6aB8827279cffFb92266"],"fragment":{"type":"event","inputs":[{"name":"winner","type":"address","baseType":"address","indexed":true,"components":null,"arrayLength":null,"arrayChildren":null}],"name":"Winner","anonymous":false}}]
2025-05-26T09:42:05.125Z Nouveau gagnant: 0xf39Fd6e51aad88F6F4ce6aB8827279cffFb92266
2025-05-26T09:42:05.125Z Sommes-nous le gagnant? true
2025-05-26T09:42:05.125Z 
=== Fin du débogage de transaction ===
2025-05-26T09:44:57.868Z 
Événement Winner détecté! Gagnant: 0xf39Fd6e51aad88F6F4ce6aB8827279cffFb92266
2025-05-26T09:44:57.871Z Arguments complets: ["0xf39Fd6e51aad88F6F4ce6aB8827279cffFb92266",{"filter":"Winner","emitter":{"target":"0x5fbdb2315678afecb367f032d93f642f64180aa3","interface":{"fragments":[{"type":"function","inputs":[],"name":"riddle","constant":true,"outputs":[{"name":"","type":"string","baseType":"string","indexed":null,"components":null,"arrayLength":null,"arrayChildren":null}],"stateMutability":"view","payable":false,"gas":null},{"type":"function","inputs":[],"name":"isActive","constant":true,"outputs":[{"name":"","type":"bool","baseType":"bool","indexed":null,"components":null,"arrayLength":null,"arrayChildren":null}],"stateMutability":"view","payable":false,"gas":null},{"type":"function","inputs":[],"name":"winner","constant":true,"outputs":[{"name":"","type":"address","baseType":"address","indexed":null,"components":null,"arrayLength":null,"arrayChildren":null}],"stateMutability":"view","payable":false,"gas":null},{"type":"function","inputs":[{"name":"answer","type":"string","baseType":"string","indexed":null,"components":null,"arrayLength":null,"arrayChildren":null}],"name":"submitAnswer","constant":false,"outputs":[],"stateMutability":"nonpayable","payable":false,"gas":null},{"type":"event","inputs":[{"name":"winner","type":"address","baseType":"address","indexed":true,"components":null,"arrayLength":null,"arrayChildren":null}],"name":"Winner","anonymous":false},{"type":"event","inputs":[{"name":"user","type":"address","baseType":"address","indexed":true,"components":null,"arrayLength":null,"arrayChildren":null},{"name":"correct","type":"bool","baseType":"bool","indexed":null,"components":null,"arrayLength":null,"arrayChildren":null}],"name":"AnswerAttempt","anonymous":false}],"deploy":{"type":"constructor","inputs":[],"payable":false,"gas":null},"fallback":null,"receive":false},"runner":{},"filters":{},"fallback":null},"log":{"_type":"log","address":"0x5FbDB2315678afecb367f032d93F642f64180aa3","blockHash":"0xf55ee3b5c15b0c4523bf3b7f6f03fec087a8e9d814c2ec1027302b6abfd9addf","blockNumber":25,"data":"0x","index":0,"removed":false,"topics":["0x745c90b656b4aafe296c8ca35aeacfe56cb96c90e1d320e5da643fff1051b6c0","0x000000000000000000000000f39fd6e51aad88f6f4ce6ab8827279cfffb92266"],"transactionHash":"0x7e37164f94318bdff2b40e46b3ba79d77a9b72e9a9b830f59472baa54a8403f4","transactionIndex":0},"args":["0xf39Fd6e51aad88F6F4ce6aB8827279cffFb92266"],"fragment":{"type":"event","inputs":[{"name":"winner","type":"address","baseType":"address","indexed":true,"components":null,"arrayLength":null,"arrayChildren":null}],"name":"Winner","anonymous":false}}]
