2025-05-26T09:18:17.079Z === Démarrage du débogage de transaction ===
2025-05-26T09:18:17.080Z Connexion au RPC: http://127.0.0.1:8545/
2025-05-26T09:18:17.080Z Connexion au contrat: 0x5fbdb2315678afecb367f032d93f642f64180aa3
2025-05-26T09:18:17.164Z État actuel du contrat:
2025-05-26T09:18:17.164Z - Énigme: 
2025-05-26T09:18:17.164Z - Active: false
2025-05-26T09:18:17.165Z - Gagnant: 0x0000000000000000000000000000000000000000
2025-05-26T09:18:17.165Z 
Réponse à tester: "simple"
2025-05-26T09:18:17.165Z Hash keccak256: 0x4a1b974e31e005ad301f0f7ef6ff3d756c261fe66213c0faa95f27c2befaed31
2025-05-26T09:18:17.165Z 
Clé privée trouvée dans les variables d'environnement.
2025-05-26T09:18:17.165Z Pour exécuter une transaction réelle, décommentez le code dans le script.
2025-05-26T09:18:17.196Z Utilisation du portefeuille: 0xf39Fd6e51aad88F6F4ce6aB8827279cffFb92266
2025-05-26T09:18:17.197Z 
Configuration des écouteurs d'événements...
2025-05-26T09:18:17.197Z 
Soumission de la réponse au contrat...
2025-05-26T09:18:17.231Z Erreur lors de la transaction: execution reverted: "No active riddle" (action="estimateGas", data="0x08c379a0000000000000000000000000000000000000000000000000000000000000002000000000000000000000000000000000000000000000000000000000000000104e6f2061637469766520726964646c6500000000000000000000000000000000", reason="No active riddle", transaction={ "data": "0xbb3e31590000000000000000000000000000000000000000000000000000000000000020000000000000000000000000000000000000000000000000000000000000000673696d706c650000000000000000000000000000000000000000000000000000", "from": "0xf39Fd6e51aad88F6F4ce6aB8827279cffFb92266", "to": "0x5FbDB2315678afecb367f032d93F642f64180aa3" }, invocation=null, revert={ "args": [ "No active riddle" ], "name": "Error", "signature": "Error(string)" }, code=CALL_EXCEPTION, version=6.14.1)
2025-05-26T09:18:17.231Z 
=== Fin du débogage de transaction ===
